Arguments: 
  C:\Program Files\nodejs\node.exe C:\Users\Adikpeto\AppData\Roaming\npm\node_modules\yarn\bin\yarn.js add framer-motion gsap curtainsjs kute.js react-text-fun classnames react-parallax-mouse

PATH: 
  C:\Program Files\Common Files\Oracle\Java\javapath;C:\WINDOWS\system32;C:\WINDOWS;C:\WINDOWS\System32\Wbem;C:\WINDOWS\System32\WindowsPowerShell\v1.0\;C:\WINDOWS\System32\OpenSSH\;C:\Program Files\GitHub CLI\;C:\Program Files\Git\cmd;C:\php-7.4.30-Win32-vc15-x64;C:\Program Files\Microsoft SQL Server\Client SDK\ODBC\130\Tools\Binn\;C:\Program Files (x86)\Microsoft SQL Server\140\Tools\Binn\;C:\Program Files\Microsoft SQL Server\140\Tools\Binn\;C:\Program Files\Microsoft SQL Server\140\DTS\Binn\;E:\flutter\bin;C:\gradle-7.6-all\gradle-7.6\bin;C:\ProgramData\chocolatey\bin;C:\composer;C:\Program Files (x86)\NVIDIA Corporation\PhysX\Common;c:\program files (x86)\softros systems\softros messenger\sdk\;C:\Program Files\nodejs\;C:\Users\Adikpeto\AppData\Local\Programs\Python\Python311\Scripts\;C:\Users\Adikpeto\AppData\Local\Programs\Python\Python311\;C:\Users\Adikpeto\AppData\Local\Microsoft\WindowsApps;C:\Users\Adikpeto\AppData\Local\Programs\Microsoft VS Code\bin;C:\Users\Adikpeto\AppData\Local\GitHubDesktop\bin;C:\php-7.4.30-Win32-vc15-x64;C:\Program Files\JetBrains\PyCharm Community Edition 2022.3\bin;;E:\flutter\bin;C:\platform-tools_r31.0.3-windows\platform-tools;C:\Program Files\Java\jdk-19\bin;C:\Users\Adikpeto\AppData\Roaming\Composer\vendor\bin;C:\Users\Adikpeto\AppData\Roaming\npm

Yarn version: 
  1.22.19

Node version: 
  20.3.1

Platform: 
  win32 x64

Trace: 
  Error: https://registry.yarnpkg.com/date-fns/-/date-fns-2.30.0.tgz: ESOCKETTIMEDOUT
      at ClientRequest.<anonymous> (C:\Users\Adikpeto\AppData\Roaming\npm\node_modules\yarn\lib\cli.js:141517:19)
      at Object.onceWrapper (node:events:625:28)
      at ClientRequest.emit (node:events:511:28)
      at TLSSocket.emitRequestTimeout (node:_http_client:840:9)
      at Object.onceWrapper (node:events:625:28)
      at TLSSocket.emit (node:events:523:35)
      at Socket._onTimeout (node:net:582:8)
      at listOnTimeout (node:internal/timers:573:17)
      at process.processTimers (node:internal/timers:514:7)

npm manifest: 
  {
    "name": "myportefolioremarkesite",
    "version": "1.0.0",
    "private": true,
    "description": "myportefolioremarkesite",
    "author": "Adikpeto",
    "keywords": [
      "gatsby"
    ],
    "scripts": {
      "develop": "gatsby develop",
      "start": "gatsby develop",
      "build": "gatsby build",
      "serve": "gatsby serve",
      "clean": "gatsby clean"
    },
    "dependencies": {
      "gatsby": "^5.11.0",
      "gatsby-plugin-sass": "^6.11.0",
      "react": "^18.2.0",
      "react-dom": "^18.2.0",
      "sass": "^1.63.6"
    }
  }

yarn manifest: 
  No manifest

Lockfile: 
  No lockfile
